Loading JSON file specifying where colabfold results are located
Processing results...
gene_name: folA
condition: 30aa_monomer_folA
gene_name: fstZ
condition: 30aa_monomer_fstZ
gene_name: groL
condition: 30aa_monomer_groL
condition: 30aa_dimer_groL
condition: 30aa_monomer_groS
gene_name: gyrA
condition: 30aa_monomer_gyrA
gene_name: lptG
condition: 30aa_monomer_lptG
gene_name: rplL
condition: 30aa_monomer_rplL
gene_name: ssb
condition: 30aa_monomer_ssb
condition: 30aa_dimer_ssb
condition: 30aa_tetramer_ssb
Dataframe with 3339 entries total
Done!
Elapsed: 0hrs 13min 41sec
