/data1/groups/keatinglab/rosetta/rosetta_src_2021.16.61629_bundle/main/source/bin/InterfaceAnalyzer.linuxgccrelease -in:file:l structure_list.txt -add_regular_scores_to_scorefile -compute_packstat -packstat::oversample 1 -tracer_data_print
core.init: Checking for fconfig files in pwd and ./rosetta/flags 
core.init: Rosetta version: rosetta.source.release-280 r280 2021.16+release.8ee4f02 8ee4f02ac5768a8a339ffada74cb0ff5f778b3e6 https://www.rosettacommons.org 2021-04-20T20:57:38.289184
core.init: command: /data1/groups/keatinglab/rosetta/rosetta_src_2021.16.61629_bundle/main/source/bin/InterfaceAnalyzer.linuxgccrelease -in:file:l structure_list.txt -add_regular_scores_to_scorefile -compute_packstat -packstat::oversample 1 -tracer_data_print
basic.random.init_random_generator: 'RNG device' seed mode, using '/dev/urandom', seed=415757347 seed_offset=0 real_seed=415757347
basic.random.init_random_generator: RandomGenerator:init: Normal mode, seed=415757347 RG_type=mt19937
core.init: Resolved executable path: /data1/groups/keatinglab/rosetta/rosetta_src_2021.16.61629_bundle/main/source/build/src/release/linux/4.14/64/x86/gcc/7/default/InterfaceAnalyzer.default.linuxgccrelease
core.init: Looking for database based on location of executable: /data1/groups/keatinglab/rosetta/rosetta_src_2021.16.61629_bundle/main/database/
protocols.jd2.PDBJobInputter: Instantiate PDBJobInputter
protocols.jd2.PDBJobInputter: PDBJobInputter::fill_jobs
protocols.jd2.PDBJobInputter: pushed /data1/groups/keatinglab/swans/savinovCollaboration/ftsZ/analysis/bsub_ftsZ/rosetta_cterm_peptide/relax/bsubtilis_ftsZ1copies_10-315_bsubtilis_ftsZ_354-383_unrelaxed_rank_4_model_1_0001.pdb nstruct index 1
protocols.evaluation.ChiWellRmsdEvaluatorCreator: Evaluation Creator active ... 
core.scoring.ScoreFunctionFactory: SCOREFUNCTION: ref2015
core.scoring.etable: Starting energy table calculation
core.scoring.etable: smooth_etable: changing atr/rep split to bottom of energy well
core.scoring.etable: smooth_etable: spline smoothing lj etables (maxdis = 6)
core.scoring.etable: smooth_etable: spline smoothing solvation etables (max_dis = 6)
core.scoring.etable: Finished calculating energy tables.
basic.io.database: Database file opened: scoring/score_functions/hbonds/ref2015_params/HBPoly1D.csv
basic.io.database: Database file opened: scoring/score_functions/hbonds/ref2015_params/HBFadeIntervals.csv
basic.io.database: Database file opened: scoring/score_functions/hbonds/ref2015_params/HBEval.csv
basic.io.database: Database file opened: scoring/score_functions/hbonds/ref2015_params/DonStrength.csv
basic.io.database: Database file opened: scoring/score_functions/hbonds/ref2015_params/AccStrength.csv
core.chemical.GlobalResidueTypeSet: Finished initializing fa_standard residue type set.  Created 984 residue types
core.chemical.GlobalResidueTypeSet: Total time to initialize 0.915486 seconds.
basic.io.database: Database file opened: scoring/score_functions/rama/fd/all.ramaProb
basic.io.database: Database file opened: scoring/score_functions/rama/fd/prepro.ramaProb
basic.io.database: Database file opened: scoring/score_functions/omega/omega_ppdep.all.txt
basic.io.database: Database file opened: scoring/score_functions/omega/omega_ppdep.gly.txt
basic.io.database: Database file opened: scoring/score_functions/omega/omega_ppdep.pro.txt
basic.io.database: Database file opened: scoring/score_functions/omega/omega_ppdep.valile.txt
basic.io.database: Database file opened: scoring/score_functions/P_AA_pp/P_AA
basic.io.database: Database file opened: scoring/score_functions/P_AA_pp/P_AA_n
core.scoring.P_AA: shapovalov_lib::shap_p_aa_pp_smooth_level of 1( aka low_smooth ) got activated.
basic.io.database: Database file opened: scoring/score_functions/P_AA_pp/shapovalov/10deg/kappa131/a20.prop
protocols.jd2.PDBJobInputter: PDBJobInputter::pose_from_job
protocols.jd2.PDBJobInputter: filling pose from PDB /data1/groups/keatinglab/swans/savinovCollaboration/ftsZ/analysis/bsub_ftsZ/rosetta_cterm_peptide/relax/bsubtilis_ftsZ1copies_10-315_bsubtilis_ftsZ_354-383_unrelaxed_rank_4_model_1_0001.pdb
core.import_pose.import_pose: File '/data1/groups/keatinglab/swans/savinovCollaboration/ftsZ/analysis/bsub_ftsZ/rosetta_cterm_peptide/relax/bsubtilis_ftsZ1copies_10-315_bsubtilis_ftsZ_354-383_unrelaxed_rank_4_model_1_0001.pdb' automatically determined to be of type PDB
core.scoring.ScoreFunctionFactory: SCOREFUNCTION: ref2015
apps.public.analysis.InterfaceAnalyzer: Computing interface between two chains in pose
protocols.analysis.InterfaceAnalyzerMover: Using normal constructor
protocols.analysis.InterfaceAnalyzerMover: Making an interface set with default calculator.
basic.io.database: Database file opened: scoring/score_functions/elec_cp_reps.dat
core.scoring.elec.util: Read 40 countpair representative atoms
core.pack.dunbrack.RotamerLibrary: shapovalov_lib_fixes_enable option is true.
core.pack.dunbrack.RotamerLibrary: shapovalov_lib::shap_dun10_smooth_level of 1( aka lowest_smooth ) got activated.
core.pack.dunbrack.RotamerLibrary: Binary rotamer library selected: /data1/groups/keatinglab/rosetta/rosetta_src_2021.16.61629_bundle/main/database/rotamer/shapovalov/StpDwn_0-0-0/Dunbrack10.lib.bin
core.pack.dunbrack.RotamerLibrary: Using Dunbrack library binary file '/data1/groups/keatinglab/rosetta/rosetta_src_2021.16.61629_bundle/main/database/rotamer/shapovalov/StpDwn_0-0-0/Dunbrack10.lib.bin'.
core.pack.dunbrack.RotamerLibrary: Dunbrack 2010 library took 0.162272 seconds to load from binary
protocols.analysis.InterfaceAnalyzerMover: Detecting disulfides in the separated pose.
protocols.analysis.InterfaceAnalyzerMover: Calculating dSASA
protocols.analysis.InterfaceAnalyzerMover: Calculating per-res dSASA data
protocols.analysis.InterfaceAnalyzerMover: included_nres: 335
core.scoring.ScoreFunctionFactory: SCOREFUNCTION: ref2015
protocols.analysis.InterfaceAnalyzerMover: Computing interface packstats.
protocols.analysis.InterfaceAnalyzerMover: Total: 335 PackScoresTotal: 335
protocols.analysis.InterfaceAnalyzerMover: Computing delta unsat polar residues...
basic.io.database: Database file opened: scoring/score_functions/hbonds/sp2_elec_params/HBPoly1D.csv
basic.io.database: Database file opened: scoring/score_functions/hbonds/sp2_elec_params/HBFadeIntervals.csv
basic.io.database: Database file opened: scoring/score_functions/hbonds/sp2_elec_params/HBEval.csv
bsubtilis_ftsZ1copies_10-315_bsubtilis_ftsZ_354-383_unrelaxed_rank_4_model_1_0001: Residues missing H-bonds:
bsubtilis_ftsZ1copies_10-315_bsubtilis_ftsZ_354-383_unrelaxed_rank_4_model_1_0001: Residue 	 Chain 	 Atom 
bsubtilis_ftsZ1copies_10-315_bsubtilis_ftsZ_354-383_unrelaxed_rank_4_model_1_0001: 17 	 B 	 N
bsubtilis_ftsZ1copies_10-315_bsubtilis_ftsZ_354-383_unrelaxed_rank_4_model_1_0001: 17 	 B 	 H
protocols.analysis.InterfaceAnalyzerMover.missing_hbonds: pymol-style selection for unstat hbond res 
select bsubtilis_ftsZ1copies_10-315_bsubtilis_ftsZ_354-383_unrelaxed_rank_4_model_1_0001_unsat, /bsubtilis_ftsZ1copies_10-315_bsubtilis_ftsZ_354-383_unrelaxed_rank_4_model_1_0001//B/17+17+
basic.io.database: Database file opened: scoring/score_functions/sc/sc_radii.lib
protocols.analysis.InterfaceAnalyzerMover: Computing Shape Complementarity Score...
protocols.analysis.InterfaceAnalyzerMover: Upstream chain(s) numbers: 1, 
protocols.analysis.InterfaceAnalyzerMover: Downstream chain(s) numbers: 2, 
protocols.analysis.InterfaceAnalyzerMover.interface_selection: pymol-style selection for interface res 
select bsubtilis_ftsZ1copies_10-315_bsubtilis_ftsZ_354-383_unrelaxed_rank_4_model_1_0001_interface, /bsubtilis_ftsZ1copies_10-315_bsubtilis_ftsZ_354-383_unrelaxed_rank_4_model_1_0001//A/11+12+13+15+16+19+20+35+36+37+39+40+41+43+44+45+61+62+63+64+95+97+98+99+100+101+126+127+130+134+170+171+172+174+175+177+178+ + /bsubtilis_ftsZ1copies_10-315_bsubtilis_ftsZ_354-383_unrelaxed_rank_4_model_1_0001//B/13+14+15+16+17+18+19+20+21+22+23+27+
bsubtilis_ftsZ1copies_10-315_bsubtilis_ftsZ_354-383_unrelaxed_rank_4_model_1_0001: TOTAL SASA: 14979.6
bsubtilis_ftsZ1copies_10-315_bsubtilis_ftsZ_354-383_unrelaxed_rank_4_model_1_0001: NUMBER OF RESIDUES: 49
bsubtilis_ftsZ1copies_10-315_bsubtilis_ftsZ_354-383_unrelaxed_rank_4_model_1_0001: AVG RESIDUE ENERGY: -2.30354
bsubtilis_ftsZ1copies_10-315_bsubtilis_ftsZ_354-383_unrelaxed_rank_4_model_1_0001: INTERFACE DELTA SASA: 1168.87
bsubtilis_ftsZ1copies_10-315_bsubtilis_ftsZ_354-383_unrelaxed_rank_4_model_1_0001: INTERFACE HYDROPHOBIC SASA: 708.365
bsubtilis_ftsZ1copies_10-315_bsubtilis_ftsZ_354-383_unrelaxed_rank_4_model_1_0001: INTERFACE POLAR SASA: 460.503
bsubtilis_ftsZ1copies_10-315_bsubtilis_ftsZ_354-383_unrelaxed_rank_4_model_1_0001: CROSS-INTERFACE ENERGY SUMS: -25.8497
bsubtilis_ftsZ1copies_10-315_bsubtilis_ftsZ_354-383_unrelaxed_rank_4_model_1_0001: SEPARATED INTERFACE ENERGY DIFFERENCE: -25.8497
bsubtilis_ftsZ1copies_10-315_bsubtilis_ftsZ_354-383_unrelaxed_rank_4_model_1_0001: CROSS-INTERFACE ENERGY/INTERFACE DELTA SASA: -0.0221151
bsubtilis_ftsZ1copies_10-315_bsubtilis_ftsZ_354-383_unrelaxed_rank_4_model_1_0001: SEPARATED INTERFACE ENERGY/INTERFACE DELTA SASA: -0.0221151
bsubtilis_ftsZ1copies_10-315_bsubtilis_ftsZ_354-383_unrelaxed_rank_4_model_1_0001: DELTA UNSTAT HBONDS: 2
bsubtilis_ftsZ1copies_10-315_bsubtilis_ftsZ_354-383_unrelaxed_rank_4_model_1_0001: CROSS INTERFACE HBONDS: 4
bsubtilis_ftsZ1copies_10-315_bsubtilis_ftsZ_354-383_unrelaxed_rank_4_model_1_0001: HBOND ENERGY: -3.79203
bsubtilis_ftsZ1copies_10-315_bsubtilis_ftsZ_354-383_unrelaxed_rank_4_model_1_0001: HBOND ENERGY/ SEPARATED INTERFACE ENERGY: 0.146695
bsubtilis_ftsZ1copies_10-315_bsubtilis_ftsZ_354-383_unrelaxed_rank_4_model_1_0001: INTERFACE PACK STAT: 0.601207
bsubtilis_ftsZ1copies_10-315_bsubtilis_ftsZ_354-383_unrelaxed_rank_4_model_1_0001: SHAPE COMPLEMENTARITY VALUE: 0.509644
protocols.jd2.JobDistributor: bsubtilis_ftsZ1copies_10-315_bsubtilis_ftsZ_354-383_unrelaxed_rank_4_model_1_0001_0001 reported success in 6 seconds
protocols.jd2.JobDistributor: no more batches to process... 
protocols.jd2.JobDistributor: 1 jobs considered, 1 jobs attempted in 6 seconds
apps.public.analysis.InterfaceAnalyzer: ************************d**o**n**e**************************************
Elapsed: 0hrs 0min 55sec
