/data1/groups/keatinglab/rosetta/rosetta_src_2021.16.61629_bundle/main/source/bin/relax.linuxgccrelease -relax:script /home/gridsan/sswanson/local_code_mirror/peptide_binder_design/rosetta/relaxscript_modified_InterfaceRelax2019_constrainttostart.txt -in:file:s /data1/groups/keatinglab/swans/savinovCollaboration/ftsZ/analysis/bsub_ftsZ/rosetta_cterm_peptide/bsubtilis_ftsZ1copies_10-315_bsubtilis_ftsZ_354-383_unrelaxed_rank_4_model_1.pdb
core.init: Checking for fconfig files in pwd and ./rosetta/flags 
core.init: Rosetta version: rosetta.source.release-280 r280 2021.16+release.8ee4f02 8ee4f02ac5768a8a339ffada74cb0ff5f778b3e6 https://www.rosettacommons.org 2021-04-20T20:57:38.289184
core.init: command: /data1/groups/keatinglab/rosetta/rosetta_src_2021.16.61629_bundle/main/source/bin/relax.linuxgccrelease -relax:script /home/gridsan/sswanson/local_code_mirror/peptide_binder_design/rosetta/relaxscript_modified_InterfaceRelax2019_constrainttostart.txt -in:file:s /data1/groups/keatinglab/swans/savinovCollaboration/ftsZ/analysis/bsub_ftsZ/rosetta_cterm_peptide/bsubtilis_ftsZ1copies_10-315_bsubtilis_ftsZ_354-383_unrelaxed_rank_4_model_1.pdb
basic.random.init_random_generator: 'RNG device' seed mode, using '/dev/urandom', seed=-497751212 seed_offset=0 real_seed=-497751212
basic.random.init_random_generator: RandomGenerator:init: Normal mode, seed=-497751212 RG_type=mt19937
core.init: Resolved executable path: /data1/groups/keatinglab/rosetta/rosetta_src_2021.16.61629_bundle/main/source/build/src/release/linux/4.14/64/x86/gcc/7/default/relax.default.linuxgccrelease
core.init: Looking for database based on location of executable: /data1/groups/keatinglab/rosetta/rosetta_src_2021.16.61629_bundle/main/database/
core.scoring.ScoreFunctionFactory: SCOREFUNCTION: ref2015
core.scoring.etable: Starting energy table calculation
core.scoring.etable: smooth_etable: changing atr/rep split to bottom of energy well
core.scoring.etable: smooth_etable: spline smoothing lj etables (maxdis = 6)
core.scoring.etable: smooth_etable: spline smoothing solvation etables (max_dis = 6)
core.scoring.etable: Finished calculating energy tables.
basic.io.database: Database file opened: scoring/score_functions/hbonds/ref2015_params/HBPoly1D.csv
basic.io.database: Database file opened: scoring/score_functions/hbonds/ref2015_params/HBFadeIntervals.csv
basic.io.database: Database file opened: scoring/score_functions/hbonds/ref2015_params/HBEval.csv
basic.io.database: Database file opened: scoring/score_functions/hbonds/ref2015_params/DonStrength.csv
basic.io.database: Database file opened: scoring/score_functions/hbonds/ref2015_params/AccStrength.csv
core.chemical.GlobalResidueTypeSet: Finished initializing fa_standard residue type set.  Created 984 residue types
core.chemical.GlobalResidueTypeSet: Total time to initialize 0.975679 seconds.
basic.io.database: Database file opened: scoring/score_functions/rama/fd/all.ramaProb
basic.io.database: Database file opened: scoring/score_functions/rama/fd/prepro.ramaProb
basic.io.database: Database file opened: scoring/score_functions/omega/omega_ppdep.all.txt
basic.io.database: Database file opened: scoring/score_functions/omega/omega_ppdep.gly.txt
basic.io.database: Database file opened: scoring/score_functions/omega/omega_ppdep.pro.txt
basic.io.database: Database file opened: scoring/score_functions/omega/omega_ppdep.valile.txt
basic.io.database: Database file opened: scoring/score_functions/P_AA_pp/P_AA
basic.io.database: Database file opened: scoring/score_functions/P_AA_pp/P_AA_n
core.scoring.P_AA: shapovalov_lib::shap_p_aa_pp_smooth_level of 1( aka low_smooth ) got activated.
basic.io.database: Database file opened: scoring/score_functions/P_AA_pp/shapovalov/10deg/kappa131/a20.prop
protocols.relax.RelaxScriptManager: Reading relax scripts list from database.
protocols.relax.RelaxScriptManager: ================== Reading script file: /home/gridsan/sswanson/local_code_mirror/peptide_binder_design/rosetta/relaxscript_modified_InterfaceRelax2019_constrainttostart.txt ==================
protocols.relax.RelaxScriptManager: repeat 5
protocols.relax.RelaxScriptManager: coord_cst_weight 1.0
protocols.relax.RelaxScriptManager: scale:fa_rep 0.069
protocols.relax.RelaxScriptManager: repack
protocols.relax.RelaxScriptManager: scale:fa_rep 0.080
protocols.relax.RelaxScriptManager: min 0.01
protocols.relax.RelaxScriptManager: coord_cst_weight 1.0
protocols.relax.RelaxScriptManager: scale:fa_rep 0.288
protocols.relax.RelaxScriptManager: repack
protocols.relax.RelaxScriptManager: scale:fa_rep 0.302
protocols.relax.RelaxScriptManager: min 0.01
protocols.relax.RelaxScriptManager: coord_cst_weight 1.0
protocols.relax.RelaxScriptManager: scale:fa_rep 0.573
protocols.relax.RelaxScriptManager: repack
protocols.relax.RelaxScriptManager: scale:fa_rep 0.594
protocols.relax.RelaxScriptManager: min 0.01
protocols.relax.RelaxScriptManager: coord_cst_weight 1.0
protocols.relax.RelaxScriptManager: scale:fa_rep 1
protocols.relax.RelaxScriptManager: repack
protocols.relax.RelaxScriptManager: min 0.00001
protocols.relax.RelaxScriptManager: accept_to_best
protocols.relax.RelaxScriptManager: endrepeat
protocols.jd2.PDBJobInputter: Instantiate PDBJobInputter
protocols.jd2.PDBJobInputter: PDBJobInputter::fill_jobs
protocols.jd2.PDBJobInputter: pushed /data1/groups/keatinglab/swans/savinovCollaboration/ftsZ/analysis/bsub_ftsZ/rosetta_cterm_peptide/bsubtilis_ftsZ1copies_10-315_bsubtilis_ftsZ_354-383_unrelaxed_rank_4_model_1.pdb nstruct index 1
protocols.evaluation.ChiWellRmsdEvaluatorCreator: Evaluation Creator active ... 
protocols.jd2.PDBJobInputter: PDBJobInputter::pose_from_job
protocols.jd2.PDBJobInputter: filling pose from PDB /data1/groups/keatinglab/swans/savinovCollaboration/ftsZ/analysis/bsub_ftsZ/rosetta_cterm_peptide/bsubtilis_ftsZ1copies_10-315_bsubtilis_ftsZ_354-383_unrelaxed_rank_4_model_1.pdb
core.import_pose.import_pose: File '/data1/groups/keatinglab/swans/savinovCollaboration/ftsZ/analysis/bsub_ftsZ/rosetta_cterm_peptide/bsubtilis_ftsZ1copies_10-315_bsubtilis_ftsZ_354-383_unrelaxed_rank_4_model_1.pdb' automatically determined to be of type PDB
core.conformation.Conformation: [ WARNING ] missing heavyatom:  OXT on residue PHE:CtermProteinFull 306
core.conformation.Conformation: [ WARNING ] missing heavyatom:  OXT on residue GLY:CtermProteinFull 335
basic.io.database: Database file opened: scoring/score_functions/elec_cp_reps.dat
core.scoring.elec.util: Read 40 countpair representative atoms
core.pack.dunbrack.RotamerLibrary: shapovalov_lib_fixes_enable option is true.
core.pack.dunbrack.RotamerLibrary: shapovalov_lib::shap_dun10_smooth_level of 1( aka lowest_smooth ) got activated.
core.pack.dunbrack.RotamerLibrary: Binary rotamer library selected: /data1/groups/keatinglab/rosetta/rosetta_src_2021.16.61629_bundle/main/database/rotamer/shapovalov/StpDwn_0-0-0/Dunbrack10.lib.bin
core.pack.dunbrack.RotamerLibrary: Using Dunbrack library binary file '/data1/groups/keatinglab/rosetta/rosetta_src_2021.16.61629_bundle/main/database/rotamer/shapovalov/StpDwn_0-0-0/Dunbrack10.lib.bin'.
core.pack.dunbrack.RotamerLibrary: Dunbrack 2010 library took 0.173958 seconds to load from binary
protocols.relax.FastRelax: CMD: repeat  516.131  0  0  0.55
protocols.relax.FastRelax: CMD: coord_cst_weight  516.131  0  0  0.55
protocols.relax.FastRelax: CMD: scale:fa_rep  -408.503  0  0  0.03795
core.pack.task: Packer task: initialize from command line() 
core.pack.pack_rotamers: built 4213 rotamers at 335 positions.
core.pack.interaction_graph.interaction_graph_factory: Instantiating DensePDInteractionGraph
protocols.relax.FastRelax: CMD: repack  -767.345  0  0  0.03795
protocols.relax.FastRelax: CMD: scale:fa_rep  -757.249  0  0  0.044
protocols.relax.FastRelax: CMD: min  -1366.37  3.1637  3.1637  0.044
protocols.relax.FastRelax: CMD: coord_cst_weight  -1366.37  3.1637  3.1637  0.044
protocols.relax.FastRelax: CMD: scale:fa_rep  -970.472  3.1637  3.1637  0.1584
core.pack.task: Packer task: initialize from command line() 
core.pack.pack_rotamers: built 3966 rotamers at 335 positions.
core.pack.interaction_graph.interaction_graph_factory: Instantiating DensePDInteractionGraph
protocols.relax.FastRelax: CMD: repack  -987.348  3.1637  3.1637  0.1584
protocols.relax.FastRelax: CMD: scale:fa_rep  -961.909  3.1637  3.1637  0.1661
protocols.relax.FastRelax: CMD: min  -1185.22  2.97517  2.97517  0.1661
protocols.relax.FastRelax: CMD: coord_cst_weight  -1185.22  2.97517  2.97517  0.1661
protocols.relax.FastRelax: CMD: scale:fa_rep  -1028.96  2.97517  2.97517  0.31515
core.pack.task: Packer task: initialize from command line() 
core.pack.pack_rotamers: built 3834 rotamers at 335 positions.
core.pack.interaction_graph.interaction_graph_factory: Instantiating DensePDInteractionGraph
protocols.relax.FastRelax: CMD: repack  -1029.75  2.97517  2.97517  0.31515
protocols.relax.FastRelax: CMD: scale:fa_rep  -1017.63  2.97517  2.97517  0.3267
protocols.relax.FastRelax: CMD: min  -1057.2  2.91586  2.91586  0.3267
protocols.relax.FastRelax: CMD: coord_cst_weight  -1057.2  2.91586  2.91586  0.3267
protocols.relax.FastRelax: CMD: scale:fa_rep  -911.076  2.91586  2.91586  0.55
core.pack.task: Packer task: initialize from command line() 
core.pack.pack_rotamers: built 3771 rotamers at 335 positions.
core.pack.interaction_graph.interaction_graph_factory: Instantiating DensePDInteractionGraph
protocols.relax.FastRelax: CMD: repack  -911.165  2.91586  2.91586  0.55
protocols.relax.FastRelax: CMD: min  -970.267  2.70901  2.70901  0.55
protocols.relax.FastRelax: MRP: 0  -970.267  -970.267  2.70901  2.70901  
protocols.relax.FastRelax: CMD: accept_to_best  -970.267  2.70901  2.70901  0.55
protocols.relax.FastRelax: CMD: endrepeat  -970.267  2.70901  2.70901  0.55
protocols.relax.FastRelax: CMD: coord_cst_weight  -970.267  2.70901  2.70901  0.55
protocols.relax.FastRelax: CMD: scale:fa_rep  -1182.94  2.70901  2.70901  0.03795
core.pack.task: Packer task: initialize from command line() 
core.pack.pack_rotamers: built 4229 rotamers at 335 positions.
core.pack.interaction_graph.interaction_graph_factory: Instantiating DensePDInteractionGraph
protocols.relax.FastRelax: CMD: repack  -1191.43  2.70901  2.70901  0.03795
protocols.relax.FastRelax: CMD: scale:fa_rep  -1187.85  2.70901  2.70901  0.044
protocols.relax.FastRelax: CMD: min  -1414.73  3.05922  3.05922  0.044
protocols.relax.FastRelax: CMD: coord_cst_weight  -1414.73  3.05922  3.05922  0.044
protocols.relax.FastRelax: CMD: scale:fa_rep  -1035.76  3.05922  3.05922  0.1584
core.pack.task: Packer task: initialize from command line() 
core.pack.pack_rotamers: built 3941 rotamers at 335 positions.
core.pack.interaction_graph.interaction_graph_factory: Instantiating DensePDInteractionGraph
protocols.relax.FastRelax: CMD: repack  -1038.2  3.05922  3.05922  0.1584
protocols.relax.FastRelax: CMD: scale:fa_rep  -1013.23  3.05922  3.05922  0.1661
protocols.relax.FastRelax: CMD: min  -1200.82  2.84885  2.84885  0.1661
protocols.relax.FastRelax: CMD: coord_cst_weight  -1200.82  2.84885  2.84885  0.1661
protocols.relax.FastRelax: CMD: scale:fa_rep  -1037.56  2.84885  2.84885  0.31515
core.pack.task: Packer task: initialize from command line() 
core.pack.pack_rotamers: built 3896 rotamers at 335 positions.
core.pack.interaction_graph.interaction_graph_factory: Instantiating DensePDInteractionGraph
protocols.relax.FastRelax: CMD: repack  -1037.73  2.84885  2.84885  0.31515
protocols.relax.FastRelax: CMD: scale:fa_rep  -1025.1  2.84885  2.84885  0.3267
protocols.relax.FastRelax: CMD: min  -1078.01  2.78334  2.78334  0.3267
protocols.relax.FastRelax: CMD: coord_cst_weight  -1078.01  2.78334  2.78334  0.3267
protocols.relax.FastRelax: CMD: scale:fa_rep  -938.282  2.78334  2.78334  0.55
core.pack.task: Packer task: initialize from command line() 
core.pack.pack_rotamers: built 3836 rotamers at 335 positions.
core.pack.interaction_graph.interaction_graph_factory: Instantiating DensePDInteractionGraph
protocols.relax.FastRelax: CMD: repack  -938.363  2.78334  2.78334  0.55
protocols.relax.FastRelax: CMD: min  -980.153  2.40775  2.40775  0.55
protocols.relax.FastRelax: MRP: 1  -980.153  -980.153  2.40775  2.40775  
protocols.relax.FastRelax: CMD: accept_to_best  -980.153  2.40775  2.40775  0.55
protocols.relax.FastRelax: CMD: endrepeat  -980.153  2.40775  2.40775  0.55
protocols.relax.FastRelax: CMD: coord_cst_weight  -980.153  2.40775  2.40775  0.55
protocols.relax.FastRelax: CMD: scale:fa_rep  -1194.61  2.40775  2.40775  0.03795
core.pack.task: Packer task: initialize from command line() 
core.pack.pack_rotamers: built 4204 rotamers at 335 positions.
core.pack.interaction_graph.interaction_graph_factory: Instantiating DensePDInteractionGraph
protocols.relax.FastRelax: CMD: repack  -1202.9  2.40775  2.40775  0.03795
protocols.relax.FastRelax: CMD: scale:fa_rep  -1199.61  2.40775  2.40775  0.044
protocols.relax.FastRelax: CMD: min  -1421.76  2.87156  2.87156  0.044
protocols.relax.FastRelax: CMD: coord_cst_weight  -1421.76  2.87156  2.87156  0.044
protocols.relax.FastRelax: CMD: scale:fa_rep  -1050.34  2.87156  2.87156  0.1584
core.pack.task: Packer task: initialize from command line() 
core.pack.pack_rotamers: built 3925 rotamers at 335 positions.
core.pack.interaction_graph.interaction_graph_factory: Instantiating DensePDInteractionGraph
protocols.relax.FastRelax: CMD: repack  -1052.05  2.87156  2.87156  0.1584
protocols.relax.FastRelax: CMD: scale:fa_rep  -1027.33  2.87156  2.87156  0.1661
protocols.relax.FastRelax: CMD: min  -1211.55  2.6275  2.6275  0.1661
protocols.relax.FastRelax: CMD: coord_cst_weight  -1211.55  2.6275  2.6275  0.1661
protocols.relax.FastRelax: CMD: scale:fa_rep  -1053.85  2.6275  2.6275  0.31515
core.pack.task: Packer task: initialize from command line() 
core.pack.pack_rotamers: built 3936 rotamers at 335 positions.
core.pack.interaction_graph.interaction_graph_factory: Instantiating DensePDInteractionGraph
protocols.relax.FastRelax: CMD: repack  -1053.99  2.6275  2.6275  0.31515
protocols.relax.FastRelax: CMD: scale:fa_rep  -1041.84  2.6275  2.6275  0.3267
protocols.relax.FastRelax: CMD: min  -1086.33  2.48528  2.48528  0.3267
protocols.relax.FastRelax: CMD: coord_cst_weight  -1086.33  2.48528  2.48528  0.3267
protocols.relax.FastRelax: CMD: scale:fa_rep  -946.174  2.48528  2.48528  0.55
core.pack.task: Packer task: initialize from command line() 
core.pack.pack_rotamers: built 3827 rotamers at 335 positions.
core.pack.interaction_graph.interaction_graph_factory: Instantiating DensePDInteractionGraph
protocols.relax.FastRelax: CMD: repack  -945.961  2.48528  2.48528  0.55
protocols.relax.FastRelax: CMD: min  -987.445  2.10549  2.10549  0.55
protocols.relax.FastRelax: MRP: 2  -987.445  -987.445  2.10549  2.10549  
protocols.relax.FastRelax: CMD: accept_to_best  -987.445  2.10549  2.10549  0.55
protocols.relax.FastRelax: CMD: endrepeat  -987.445  2.10549  2.10549  0.55
protocols.relax.FastRelax: CMD: coord_cst_weight  -987.445  2.10549  2.10549  0.55
protocols.relax.FastRelax: CMD: scale:fa_rep  -1199.25  2.10549  2.10549  0.03795
core.pack.task: Packer task: initialize from command line() 
core.pack.pack_rotamers: built 4231 rotamers at 335 positions.
core.pack.interaction_graph.interaction_graph_factory: Instantiating DensePDInteractionGraph
protocols.relax.FastRelax: CMD: repack  -1206.52  2.10549  2.10549  0.03795
protocols.relax.FastRelax: CMD: scale:fa_rep  -1203.38  2.10549  2.10549  0.044
protocols.relax.FastRelax: CMD: min  -1424.94  2.65815  2.65815  0.044
protocols.relax.FastRelax: CMD: coord_cst_weight  -1424.94  2.65815  2.65815  0.044
protocols.relax.FastRelax: CMD: scale:fa_rep  -1051.13  2.65815  2.65815  0.1584
core.pack.task: Packer task: initialize from command line() 
core.pack.pack_rotamers: built 3974 rotamers at 335 positions.
core.pack.interaction_graph.interaction_graph_factory: Instantiating DensePDInteractionGraph
protocols.relax.FastRelax: CMD: repack  -1041.64  2.65815  2.65815  0.1584
protocols.relax.FastRelax: CMD: scale:fa_rep  -1016.4  2.65815  2.65815  0.1661
protocols.relax.FastRelax: CMD: min  -1210.44  2.43467  2.43467  0.1661
protocols.relax.FastRelax: CMD: coord_cst_weight  -1210.44  2.43467  2.43467  0.1661
protocols.relax.FastRelax: CMD: scale:fa_rep  -1052.16  2.43467  2.43467  0.31515
core.pack.task: Packer task: initialize from command line() 
core.pack.pack_rotamers: built 3928 rotamers at 335 positions.
core.pack.interaction_graph.interaction_graph_factory: Instantiating DensePDInteractionGraph
protocols.relax.FastRelax: CMD: repack  -1052.7  2.43467  2.43467  0.31515
protocols.relax.FastRelax: CMD: scale:fa_rep  -1040.46  2.43467  2.43467  0.3267
protocols.relax.FastRelax: CMD: min  -1086.61  2.31531  2.31531  0.3267
protocols.relax.FastRelax: CMD: coord_cst_weight  -1086.61  2.31531  2.31531  0.3267
protocols.relax.FastRelax: CMD: scale:fa_rep  -946.133  2.31531  2.31531  0.55
core.pack.task: Packer task: initialize from command line() 
core.pack.pack_rotamers: built 3862 rotamers at 335 positions.
core.pack.interaction_graph.interaction_graph_factory: Instantiating DensePDInteractionGraph
protocols.relax.FastRelax: CMD: repack  -946.197  2.31531  2.31531  0.55
protocols.relax.FastRelax: CMD: min  -985.876  2.0718  2.0718  0.55
protocols.relax.FastRelax: MRP: 3  -985.876  -987.445  2.10549  2.10549  
protocols.relax.FastRelax: CMD: accept_to_best  -985.876  2.0718  2.0718  0.55
protocols.relax.FastRelax: CMD: endrepeat  -985.876  2.0718  2.0718  0.55
protocols.relax.FastRelax: CMD: coord_cst_weight  -985.876  2.0718  2.0718  0.55
protocols.relax.FastRelax: CMD: scale:fa_rep  -1201.48  2.0718  2.0718  0.03795
core.pack.task: Packer task: initialize from command line() 
core.pack.pack_rotamers: built 4186 rotamers at 335 positions.
core.pack.interaction_graph.interaction_graph_factory: Instantiating DensePDInteractionGraph
protocols.relax.FastRelax: CMD: repack  -1209  2.0718  2.0718  0.03795
protocols.relax.FastRelax: CMD: scale:fa_rep  -1205.67  2.0718  2.0718  0.044
protocols.relax.FastRelax: CMD: min  -1425.3  2.68628  2.68628  0.044
protocols.relax.FastRelax: CMD: coord_cst_weight  -1425.3  2.68628  2.68628  0.044
protocols.relax.FastRelax: CMD: scale:fa_rep  -1050.62  2.68628  2.68628  0.1584
core.pack.task: Packer task: initialize from command line() 
core.pack.pack_rotamers: built 3988 rotamers at 335 positions.
core.pack.interaction_graph.interaction_graph_factory: Instantiating DensePDInteractionGraph
protocols.relax.FastRelax: CMD: repack  -1051.47  2.68628  2.68628  0.1584
protocols.relax.FastRelax: CMD: scale:fa_rep  -1026.34  2.68628  2.68628  0.1661
protocols.relax.FastRelax: CMD: min  -1214.49  2.42407  2.42407  0.1661
protocols.relax.FastRelax: CMD: coord_cst_weight  -1214.49  2.42407  2.42407  0.1661
protocols.relax.FastRelax: CMD: scale:fa_rep  -1056.53  2.42407  2.42407  0.31515
core.pack.task: Packer task: initialize from command line() 
core.pack.pack_rotamers: built 3930 rotamers at 335 positions.
core.pack.interaction_graph.interaction_graph_factory: Instantiating DensePDInteractionGraph
protocols.relax.FastRelax: CMD: repack  -1056.55  2.42407  2.42407  0.31515
protocols.relax.FastRelax: CMD: scale:fa_rep  -1044.31  2.42407  2.42407  0.3267
protocols.relax.FastRelax: CMD: min  -1083.38  2.31834  2.31834  0.3267
protocols.relax.FastRelax: CMD: coord_cst_weight  -1083.38  2.31834  2.31834  0.3267
protocols.relax.FastRelax: CMD: scale:fa_rep  -932.755  2.31834  2.31834  0.55
core.pack.task: Packer task: initialize from command line() 
core.pack.pack_rotamers: built 3819 rotamers at 335 positions.
core.pack.interaction_graph.interaction_graph_factory: Instantiating DensePDInteractionGraph
protocols.relax.FastRelax: CMD: repack  -932.927  2.31834  2.31834  0.55
protocols.relax.FastRelax: CMD: min  -985.461  2.0499  2.0499  0.55
protocols.relax.FastRelax: MRP: 4  -985.461  -987.445  2.10549  2.10549  
protocols.relax.FastRelax: CMD: accept_to_best  -985.461  2.0499  2.0499  0.55
protocols.relax.FastRelax: CMD: endrepeat  -985.461  2.0499  2.0499  0.55
protocols::checkpoint: Deleting checkpoints of FastRelax
protocols.jd2.JobDistributor: bsubtilis_ftsZ1copies_10-315_bsubtilis_ftsZ_354-383_unrelaxed_rank_4_model_1_0001 reported success in 233 seconds
protocols.jd2.JobDistributor: no more batches to process... 
protocols.jd2.JobDistributor: 1 jobs considered, 1 jobs attempted in 235 seconds
basic.citation_manager.CitationManager: 
The following Rosetta modules were used during this run of Rosetta, and should be cited:

FastRelax Mover's citation(s):
Khatib F, Cooper S, Tyka MD, Xu K, Makedon I, Popovic Z, Baker D, and Players F.  (2011).  Algorithm discovery by protein folding game players.  Proc Natl Acad Sci USA 108(47):18949-53.  doi: 10.1073/pnas.1115898108.

Maguire JB, Haddox HK, Strickland D, Halabiya SF, Coventry B, Griffin JR, Pulavarti SVSRK, Cummins M, Thieker DF, Klavins E, Szyperski T, DiMaio F, Baker D, and Kuhlman B.  (2020).  Perturbing the energy landscape for improved packing during computational protein design..  Proteins "in press".  doi: 10.1002/prot.26030.


Elapsed: 0hrs 4min 58sec
